<?xml version="1.0" encoding="UTF-8"?>
<testsuite xmlns:xsi="http://www.w3.org/2001/XMLSchema-instance" xsi:noNamespaceSchemaLocation="https://maven.apache.org/surefire/maven-surefire-plugin/xsd/surefire-test-report-3.0.xsd" version="3.0" name="com.madisfinance.paymentgatewayservice.PaymentgatewayServiceApplicationTests" time="12.932" tests="1" errors="0" skipped="0" failures="0">
  <properties>
[...]
</properties>
  <testcase name="contextLoads" classname="com.madisfinance.paymentgatewayservice.PaymentgatewayServiceApplicationTests" time="0.804">
    <system-out><![CDATA[20:16:33.863 [main] INFO org.springframework.test.context.support.AnnotationConfigContextLoaderUtils -- Could not detect default configuration classes for test class [com.madisfinance.paymentgatewayservice.PaymentgatewayServiceApplicationTests]: PaymentgatewayServiceApplicationTests does not declare any static, non-private, non-final, nested classes annotated with @Configuration.
20:16:34.130 [main] INFO org.springframework.boot.test.context.SpringBootTestContextBootstrapper -- Found @SpringBootConfiguration com.madisfinance.paymentgatewayservice.PaymentgatewayServiceApplication for test class com.madisfinance.paymentgatewayservice.PaymentgatewayServiceApplicationTests
 __    __     ______     _____     __     ______     ______   ______     __  __     __    __     ______     __   __     ______   ______     ______   __    
/\ "-./  \   /\  __ \   /\  __-.  /\ \   /\  ___\   /\  == \ /\  __ \   /\ \_\ \   /\ "-./  \   /\  ___\   /\ "-.\ \   /\__  _\ /\  __ \   /\  == \ /\ \   
\ \ \-./\ \  \ \  __ \  \ \ \/\ \ \ \ \  \ \___  \  \ \  _-/ \ \  __ \  \ \____ \  \ \ \-./\ \  \ \  __\   \ \ \-.  \  \/_/\ \/ \ \  __ \  \ \  _-/ \ \ \  
 \ \_\ \ \_\  \ \_\ \_\  \ \____-  \ \_\  \/\_____\  \ \_\    \ \_\ \_\  \/\_____\  \ \_\ \ \_\  \ \_____\  \ \_\\"\_\    \ \_\  \ \_\ \_\  \ \_\    \ \_\ 
  \/_/  \/_/   \/_/\/_/   \/____/   \/_/   \/_____/   \/_/     \/_/\/_/   \/_____/   \/_/  \/_/   \/_____/   \/_/ \/_/     \/_/   \/_/\/_/   \/_/     \/_/ 
                                                                                                                                                           
2024-09-25T20:16:36.292+02:00  INFO 24588 --- [           main] .p.PaymentgatewayServiceApplicationTests : No active profile set, falling back to 1 default profile: "default"
2024-09-25T20:16:45.404+02:00  INFO 24588 --- [           main] .p.PaymentgatewayServiceApplicationTests : Started PaymentgatewayServiceApplicationTests in 10.913 seconds (process running for 12.9)
]]></system-out>
    <system-err><![CDATA[WARNING: A Java agent has been loaded dynamically (C:\Users\kmmeh\.m2\repository\net\bytebuddy\byte-buddy-agent\1.14.10\byte-buddy-agent-1.14.10.jar)
WARNING: If a serviceability tool is in use, please run with -XX:+EnableDynamicAgentLoading to hide this warning
WARNING: If a serviceability tool is not in use, please run with -Djdk.instrument.traceUsage for more information
WARNING: Dynamic loading of agents will be disallowed by default in a future release
]]></system-err>
  </testcase>
</testsuite>